<?xml version="1.0" encoding="UTF-8"?>
<!-- Generated by org.testng.reporters.JUnitReportReporter -->
<testsuite hostname="mia" failures="0" tests="4" name="testNgpackage.SkipClass" time="0.006" errors="0" timestamp="2022-08-18T16:17:54 EDT" skipped="2">
  <testcase classname="testNgpackage.SkipClass" name="test1" time="0.004"/>
  <system-out/>
  <testcase classname="testNgpackage.SkipClass" name="test2" time="0.001">
    <skipped/>
  </testcase> <!-- test2 -->
  <system-out/>
  <testcase classname="testNgpackage.SkipClass" name="test3" time="0.001"/>
  <system-out/>
  <testcase classname="testNgpackage.SkipClass" name="bar">
    <skipped/>
  </testcase> <!-- bar -->
  <system-out/>
</testsuite> <!-- testNgpackage.SkipClass -->
