<?xml version="1.0" encoding="UTF-8"?>
<!-- Generated by org.testng.reporters.JUnitReportReporter -->
<testsuite hostname="mia" failures="0" tests="3" name="testNgpackage.PriorityClass" time="17.773" errors="0" timestamp="2022-08-18T15:55:59 EDT" skipped="0">
  <testcase classname="testNgpackage.PriorityClass" name="openingAmazonSite" time="5.754"/>
  <system-out/>
  <testcase classname="testNgpackage.PriorityClass" name="openingYahooSite" time="8.221"/>
  <system-out/>
  <testcase classname="testNgpackage.PriorityClass" name="openingCnbcSite" time="3.798"/>
  <system-out/>
</testsuite> <!-- testNgpackage.PriorityClass -->
