<?xml version="1.0" encoding="UTF-8"?>
<!-- Generated by org.testng.reporters.JUnitReportReporter -->
<testsuite hostname="mia" failures="0" tests="1" name="testNgpackage.NewTest" time="0.005" errors="0" timestamp="2022-08-18T15:32:51 EDT" skipped="0">
  <testcase classname="testNgpackage.NewTest" name="f" time="0.005"/>
  <system-out/>
</testsuite> <!-- testNgpackage.NewTest -->
