<?xml version="1.0" encoding="UTF-8"?>
<!-- Generated by org.testng.reporters.JUnitReportReporter -->
<testsuite hostname="mia" failures="0" tests="3" name="testNgpackage.OpenWebsite" time="23.476" errors="0" timestamp="2022-08-23T16:04:53 EDT" skipped="0">
  <testcase classname="testNgpackage.OpenWebsite" name="openingAmazonSite" time="9.952"/>
  <system-out/>
  <testcase classname="testNgpackage.OpenWebsite" name="openingYahooSite" time="9.804"/>
  <system-out/>
  <testcase classname="testNgpackage.OpenWebsite" name="openingCnbcSite" time="3.720"/>
  <system-out/>
</testsuite> <!-- testNgpackage.OpenWebsite -->
