<?xml version="1.0" encoding="UTF-8"?>
<!-- Generated by org.testng.reporters.JUnitReportReporter -->
<testsuite hostname="mia" failures="0" tests="1" name="teatNGpackage.NewTest1" time="0.005" errors="0" timestamp="2022-08-23T15:50:23 EDT" skipped="0">
  <testcase classname="teatNGpackage.NewTest1" name="f" time="0.005"/>
  <system-out/>
</testsuite> <!-- teatNGpackage.NewTest1 -->
